<?xml version="1.0" encoding="UTF-8"?>
<testng-results ignored="0" total="1" passed="0" failed="1" skipped="0">
  <reporter-output>
  </reporter-output>
  <suite started-at="2025-02-10T14:02:28Z" name="Default suite" finished-at="2025-02-10T14:02:57Z" duration-ms="28324">
    <groups>
    </groups>
    <test started-at="2025-02-10T14:02:28Z" name="Default test" finished-at="2025-02-10T14:02:57Z" duration-ms="28324">
      <class name="study.StudyDriveTest">
        <test-method is-config="true" signature="setup()[pri:0, instance:study.StudyDriveTest@d737b89]" started-at="2025-02-10T15:02:28Z" name="setup" finished-at="2025-02-10T15:02:38Z" duration-ms="9996" status="PASS">
          <reporter-output>
          </reporter-output>
        </test-method> <!-- setup -->
        <test-method signature="testOnboardingAndFileUpload()[pri:0, instance:study.StudyDriveTest@d737b89]" started-at="2025-02-10T15:02:38Z" name="testOnboardingAndFileUpload" finished-at="2025-02-10T15:02:56Z" duration-ms="17622" status="FAIL">
          <exception class="org.openqa.selenium.NoSuchElementException">
            <message>
              <![CDATA[An element could not be located on the page using the given search parameters.
For documentation on this error, please visit: https://www.selenium.dev/documentation/webdriver/troubleshooting/errors#no-such-element-exception
Build info: version: '4.18.1', revision: 'b1d3319b48'
System info: os.name: 'Windows 10', os.arch: 'amd64', os.version: '10.0', java.version: '21'
Driver info: io.appium.java_client.android.AndroidDriver
Command: [3c5501c3-17be-42ee-9375-e2ad388c8c86, findElement {using=xpath, value=android.widget.EditText[@resource-id="de.veedapp.veed:id/textInputEditText"]}]
Capabilities {appium:app: C:\Users\pc\Downloads\Study..., appium:appActivity: de.veedapp.veed.ui.activity..., appium:appPackage: de.veedapp.veed, appium:autoGrantPermissions: true, appium:automationName: uiautomator2, appium:databaseEnabled: false, appium:desired: {app: C:\Users\pc\Downloads\Study..., autoGrantPermissions: true, automationName: uiautomator2, deviceName: OnePlus 6, platformName: ANDROID, platformVersion: 11}, appium:deviceApiLevel: 30, appium:deviceManufacturer: OnePlus, appium:deviceModel: ONEPLUS A6000, appium:deviceName: 4d48d6b2, appium:deviceScreenDensity: 450, appium:deviceScreenSize: 1080x2280, appium:deviceUDID: 4d48d6b2, appium:javascriptEnabled: true, appium:locationContextEnabled: false, appium:networkConnectionEnabled: true, appium:pixelRatio: 2.8125, appium:platformVersion: 11, appium:statBarHeight: 80, appium:takesScreenshot: true, appium:viewportRect: {height: 2200, left: 0, top: 80, width: 1080}, appium:warnings: {}, appium:webStorageEnabled: false, platformName: ANDROID}
Session ID: 3c5501c3-17be-42ee-9375-e2ad388c8c86]]>
            </message>
            <full-stacktrace>
              <![CDATA[org.openqa.selenium.NoSuchElementException: An element could not be located on the page using the given search parameters.
For documentation on this error, please visit: https://www.selenium.dev/documentation/webdriver/troubleshooting/errors#no-such-element-exception
Build info: version: '4.18.1', revision: 'b1d3319b48'
System info: os.name: 'Windows 10', os.arch: 'amd64', os.version: '10.0', java.version: '21'
Driver info: io.appium.java_client.android.AndroidDriver
Command: [3c5501c3-17be-42ee-9375-e2ad388c8c86, findElement {using=xpath, value=android.widget.EditText[@resource-id="de.veedapp.veed:id/textInputEditText"]}]
Capabilities {appium:app: C:\Users\pc\Downloads\Study..., appium:appActivity: de.veedapp.veed.ui.activity..., appium:appPackage: de.veedapp.veed, appium:autoGrantPermissions: true, appium:automationName: uiautomator2, appium:databaseEnabled: false, appium:desired: {app: C:\Users\pc\Downloads\Study..., autoGrantPermissions: true, automationName: uiautomator2, deviceName: OnePlus 6, platformName: ANDROID, platformVersion: 11}, appium:deviceApiLevel: 30, appium:deviceManufacturer: OnePlus, appium:deviceModel: ONEPLUS A6000, appium:deviceName: 4d48d6b2, appium:deviceScreenDensity: 450, appium:deviceScreenSize: 1080x2280, appium:deviceUDID: 4d48d6b2, appium:javascriptEnabled: true, appium:locationContextEnabled: false, appium:networkConnectionEnabled: true, appium:pixelRatio: 2.8125, appium:platformVersion: 11, appium:statBarHeight: 80, appium:takesScreenshot: true, appium:viewportRect: {height: 2200, left: 0, top: 80, width: 1080}, appium:warnings: {}, appium:webStorageEnabled: false, platformName: ANDROID}
Session ID: 3c5501c3-17be-42ee-9375-e2ad388c8c86
	at java.base/jdk.internal.reflect.DirectConstructorHandleAccessor.newInstance(DirectConstructorHandleAccessor.java:62)
	at java.base/java.lang.reflect.Constructor.newInstanceWithCaller(Constructor.java:502)
	at java.base/java.lang.reflect.Constructor.newInstance(Constructor.java:486)
	at org.openqa.selenium.remote.ErrorCodec.decode(ErrorCodec.java:167)
	at org.openqa.selenium.remote.codec.w3c.W3CHttpResponseCodec.decode(W3CHttpResponseCodec.java:138)
	at org.openqa.selenium.remote.codec.w3c.W3CHttpResponseCodec.decode(W3CHttpResponseCodec.java:50)
	at org.openqa.selenium.remote.HttpCommandExecutor.execute(HttpCommandExecutor.java:190)
	at io.appium.java_client.remote.AppiumCommandExecutor.execute(AppiumCommandExecutor.java:238)
	at org.openqa.selenium.remote.RemoteWebDriver.execute(RemoteWebDriver.java:519)
	at org.openqa.selenium.remote.ElementLocation$ElementFinder$2.findElement(ElementLocation.java:165)
	at org.openqa.selenium.remote.ElementLocation.findElement(ElementLocation.java:59)
	at org.openqa.selenium.remote.RemoteWebDriver.findElement(RemoteWebDriver.java:356)
	at org.openqa.selenium.remote.RemoteWebDriver.findElement(RemoteWebDriver.java:350)
	at study.StudyDriveTest.testOnboardingAndFileUpload(StudyDriveTest.java:61)
	at java.base/jdk.internal.reflect.DirectMethodHandleAccessor.invoke(DirectMethodHandleAccessor.java:103)
	at java.base/java.lang.reflect.Method.invoke(Method.java:580)
	at org.testng.internal.MethodInvocationHelper.invokeMethod(MethodInvocationHelper.java:108)
	at org.testng.internal.Invoker.invokeMethod(Invoker.java:661)
	at org.testng.internal.Invoker.invokeTestMethod(Invoker.java:869)
	at org.testng.internal.Invoker.invokeTestMethods(Invoker.java:1193)
	at org.testng.internal.TestMethodWorker.invokeTestMethods(TestMethodWorker.java:126)
	at org.testng.internal.TestMethodWorker.run(TestMethodWorker.java:109)
	at org.testng.TestRunner.privateRun(TestRunner.java:744)
	at org.testng.TestRunner.run(TestRunner.java:602)
	at org.testng.SuiteRunner.runTest(SuiteRunner.java:380)
	at org.testng.SuiteRunner.runSequentially(SuiteRunner.java:375)
	at org.testng.SuiteRunner.privateRun(SuiteRunner.java:340)
	at org.testng.SuiteRunner.run(SuiteRunner.java:289)
	at org.testng.SuiteRunnerWorker.runSuite(SuiteRunnerWorker.java:52)
	at org.testng.SuiteRunnerWorker.run(SuiteRunnerWorker.java:86)
	at org.testng.TestNG.runSuitesSequentially(TestNG.java:1301)
	at org.testng.TestNG.runSuitesLocally(TestNG.java:1226)
	at org.testng.TestNG.runSuites(TestNG.java:1144)
	at org.testng.TestNG.run(TestNG.java:1115)
	at org.testng.remote.AbstractRemoteTestNG.run(AbstractRemoteTestNG.java:115)
	at org.testng.remote.RemoteTestNG.initAndRun(RemoteTestNG.java:251)
	at org.testng.remote.RemoteTestNG.main(RemoteTestNG.java:77)
]]>
            </full-stacktrace>
          </exception> <!-- org.openqa.selenium.NoSuchElementException -->
          <reporter-output>
          </reporter-output>
        </test-method> <!-- testOnboardingAndFileUpload -->
        <test-method is-config="true" signature="tearDown()[pri:0, instance:study.StudyDriveTest@d737b89]" started-at="2025-02-10T15:02:56Z" name="tearDown" finished-at="2025-02-10T15:02:57Z" duration-ms="642" status="PASS">
          <reporter-output>
          </reporter-output>
        </test-method> <!-- tearDown -->
      </class> <!-- study.StudyDriveTest -->
    </test> <!-- Default test -->
  </suite> <!-- Default suite -->
</testng-results>
